{"timestamp":"2026-04-10T11:31:10.865Z","level":"info","message":"server_started","meta":{"url":"http://localhost:5000","authDisabled":true}}
{"timestamp":"2026-04-10T11:31:10.861Z","level":"info","message":"queue_event","meta":{"eventType":"queue_reordered","tokenId":null,"actorRole":"system","metadata":{"reason":"bootstrap","reorderVersion":1}}}
{"timestamp":"2026-04-10T11:31:11.083Z","level":"info","message":"socket_connected","meta":{"socketId":"U5xlg38bfSe9p2FrAAAB","transport":"websocket"}}
{"timestamp":"2026-04-10T11:31:58.744Z","level":"info","message":"server_started","meta":{"url":"http://localhost:5000","authDisabled":true}}
{"timestamp":"2026-04-10T11:31:58.741Z","level":"info","message":"queue_event","meta":{"eventType":"queue_reordered","tokenId":null,"actorRole":"system","metadata":{"reason":"bootstrap","reorderVersion":1}}}
{"timestamp":"2026-04-10T11:32:01.037Z","level":"info","message":"socket_connected","meta":{"socketId":"YiEfnCbzhVYsJb58AAAB","transport":"websocket"}}
{"timestamp":"2026-04-10T11:32:26.232Z","level":"info","message":"server_started","meta":{"url":"http://localhost:5000","authDisabled":true}}
{"timestamp":"2026-04-10T11:32:26.227Z","level":"info","message":"queue_event","meta":{"eventType":"queue_reordered","tokenId":null,"actorRole":"system","metadata":{"reason":"bootstrap","reorderVersion":1}}}
{"timestamp":"2026-04-10T11:32:26.391Z","level":"info","message":"socket_connected","meta":{"socketId":"9kc2zM9VlwcOLnSaAAAB","transport":"websocket"}}
{"timestamp":"2026-04-10T11:32:44.025Z","level":"info","message":"queue_event","meta":{"eventType":"queue_reordered","tokenId":null,"actorRole":"system","metadata":{"reason":"bootstrap","reorderVersion":1}}}
{"timestamp":"2026-04-10T11:32:44.028Z","level":"info","message":"server_started","meta":{"url":"http://localhost:5000","authDisabled":true}}
{"timestamp":"2026-04-10T11:32:47.031Z","level":"info","message":"socket_connected","meta":{"socketId":"U9STUHVjOLYps06CAAAB","transport":"websocket"}}
{"timestamp":"2026-04-10T11:33:36.177Z","level":"info","message":"queue_event","meta":{"eventType":"queue_reordered","tokenId":null,"actorRole":"system","metadata":{"reason":"bootstrap","reorderVersion":1}}}
{"timestamp":"2026-04-10T11:33:36.182Z","level":"info","message":"server_started","meta":{"url":"http://localhost:5000","authDisabled":true}}
{"timestamp":"2026-04-10T11:33:39.042Z","level":"info","message":"socket_connected","meta":{"socketId":"zCfz_2lR2cLxIqovAAAB","transport":"websocket"}}
{"timestamp":"2026-04-10T11:33:56.864Z","level":"info","message":"http_request","meta":{"method":"GET","path":"/api/health","status":200,"durationMs":5,"ip":"::1"}}
{"timestamp":"2026-04-10T11:33:56.975Z","level":"error","message":"queue_event_persist_failed","meta":{"eventType":"token_created","tokenId":"69d8e024fd556df49ad92bbe","actorRole":"admin","error":"QueueEvent validation failed: actorUserId: Cast to ObjectId failed for value \"dev-user\" (type string) at path \"actorUserId\" because of \"BSONError\""}}
{"timestamp":"2026-04-10T11:33:56.995Z","level":"error","message":"queue_event_persist_failed","meta":{"eventType":"counter_assigned","tokenId":"69d8e024fd556df49ad92bbe","actorRole":"admin","error":"QueueEvent validation failed: actorUserId: Cast to ObjectId failed for value \"dev-user\" (type string) at path \"actorUserId\" because of \"BSONError\""}}
{"timestamp":"2026-04-10T11:33:57.030Z","level":"error","message":"queue_event_persist_failed","meta":{"eventType":"queue_reordered","tokenId":null,"actorRole":"admin","error":"QueueEvent validation failed: actorUserId: Cast to ObjectId failed for value \"dev-user\" (type string) at path \"actorUserId\" because of \"BSONError\""}}
{"timestamp":"2026-04-10T11:33:57.039Z","level":"info","message":"http_request","meta":{"method":"POST","path":"/api/tokens/create","status":201,"durationMs":136,"ip":"::1"}}
{"timestamp":"2026-04-10T11:33:57.044Z","level":"info","message":"http_request","meta":{"method":"GET","path":"/api/tokens/queue","status":200,"durationMs":2,"ip":"::1"}}
{"timestamp":"2026-04-10T11:33:57.056Z","level":"info","message":"http_request","meta":{"method":"GET","path":"/api/admin/flow","status":200,"durationMs":5,"ip":"::1"}}
{"timestamp":"2026-04-10T11:33:57.084Z","level":"info","message":"http_request","meta":{"method":"GET","path":"/api/admin/stats","status":200,"durationMs":21,"ip":"::1"}}
{"timestamp":"2026-04-10T11:33:57.095Z","level":"info","message":"http_request","meta":{"method":"GET","path":"/api/admin/events?limit=5","status":200,"durationMs":4,"ip":"::1"}}
{"timestamp":"2026-04-10T11:33:57.105Z","level":"info","message":"http_request","meta":{"method":"GET","path":"/api/admin/analytics?hours=12","status":200,"durationMs":5,"ip":"::1"}}
{"timestamp":"2026-04-10T11:34:20.935Z","level":"info","message":"queue_event","meta":{"eventType":"auth_login","tokenId":null,"actorRole":"admin","metadata":{"email":"admin@queue.local"}}}
{"timestamp":"2026-04-10T11:34:20.937Z","level":"info","message":"http_request","meta":{"method":"POST","path":"/api/auth/login","status":200,"durationMs":110,"ip":"::1"}}
{"timestamp":"2026-04-10T11:34:20.949Z","level":"info","message":"http_request","meta":{"method":"GET","path":"/api/auth/me","status":200,"durationMs":1,"ip":"::1"}}
{"timestamp":"2026-04-10T11:35:22.079Z","level":"error","message":"queue_event_persist_failed","meta":{"eventType":"flow_updated","tokenId":null,"actorRole":"admin","error":"QueueEvent validation failed: actorUserId: Cast to ObjectId failed for value \"dev-user\" (type string) at path \"actorUserId\" because of \"BSONError\""}}
{"timestamp":"2026-04-10T11:35:22.111Z","level":"info","message":"http_request","meta":{"method":"PATCH","path":"/api/admin/flow","status":200,"durationMs":38,"ip":"::1"}}
{"timestamp":"2026-04-10T11:35:22.129Z","level":"error","message":"queue_event_persist_failed","meta":{"eventType":"token_created","tokenId":"69d8e07afd556df49ad92bf8","actorRole":"admin","error":"QueueEvent validation failed: actorUserId: Cast to ObjectId failed for value \"dev-user\" (type string) at path \"actorUserId\" because of \"BSONError\""}}
{"timestamp":"2026-04-10T11:35:22.160Z","level":"error","message":"queue_event_persist_failed","meta":{"eventType":"queue_reordered","tokenId":null,"actorRole":"admin","error":"QueueEvent validation failed: actorUserId: Cast to ObjectId failed for value \"dev-user\" (type string) at path \"actorUserId\" because of \"BSONError\""}}
{"timestamp":"2026-04-10T11:35:22.164Z","level":"error","message":"queue_event_persist_failed","meta":{"eventType":"near_turn_notified","tokenId":"69d8e07afd556df49ad92bf8","actorRole":"admin","error":"QueueEvent validation failed: actorUserId: Cast to ObjectId failed for value \"dev-user\" (type string) at path \"actorUserId\" because of \"BSONError\""}}
{"timestamp":"2026-04-10T11:35:22.170Z","level":"info","message":"http_request","meta":{"method":"POST","path":"/api/tokens/create","status":201,"durationMs":55,"ip":"::1"}}
{"timestamp":"2026-04-10T11:35:22.185Z","level":"error","message":"queue_event_persist_failed","meta":{"eventType":"token_created","tokenId":"69d8e07afd556df49ad92c0e","actorRole":"admin","error":"QueueEvent validation failed: actorUserId: Cast to ObjectId failed for value \"dev-user\" (type string) at path \"actorUserId\" because of \"BSONError\""}}
{"timestamp":"2026-04-10T11:35:22.214Z","level":"error","message":"queue_event_persist_failed","meta":{"eventType":"queue_reordered","tokenId":null,"actorRole":"admin","error":"QueueEvent validation failed: actorUserId: Cast to ObjectId failed for value \"dev-user\" (type string) at path \"actorUserId\" because of \"BSONError\""}}
{"timestamp":"2026-04-10T11:35:22.218Z","level":"error","message":"queue_event_persist_failed","meta":{"eventType":"near_turn_notified","tokenId":"69d8e07afd556df49ad92c0e","actorRole":"admin","error":"QueueEvent validation failed: actorUserId: Cast to ObjectId failed for value \"dev-user\" (type string) at path \"actorUserId\" because of \"BSONError\""}}
{"timestamp":"2026-04-10T11:35:22.223Z","level":"info","message":"http_request","meta":{"method":"POST","path":"/api/tokens/create","status":201,"durationMs":51,"ip":"::1"}}
{"timestamp":"2026-04-10T11:35:22.227Z","level":"info","message":"http_request","meta":{"method":"GET","path":"/api/tokens/queue","status":200,"durationMs":1,"ip":"::1"}}
{"timestamp":"2026-04-10T11:35:22.244Z","level":"error","message":"queue_event_persist_failed","meta":{"eventType":"token_prioritized","tokenId":"69d8e07afd556df49ad92bf8","actorRole":"admin","error":"QueueEvent validation failed: actorUserId: Cast to ObjectId failed for value \"dev-user\" (type string) at path \"actorUserId\" because of \"BSONError\""}}
{"timestamp":"2026-04-10T11:35:22.266Z","level":"info","message":"http_request","meta":{"method":"PATCH","path":"/api/admin/tokens/69d8e07afd556df49ad92bf8/prioritize","status":200,"durationMs":29,"ip":"::1"}}
{"timestamp":"2026-04-10T11:35:22.265Z","level":"error","message":"queue_event_persist_failed","meta":{"eventType":"near_turn_notified","tokenId":"69d8e07afd556df49ad92bf8","actorRole":"admin","error":"QueueEvent validation failed: actorUserId: Cast to ObjectId failed for value \"dev-user\" (type string) at path \"actorUserId\" because of \"BSONError\""}}
{"timestamp":"2026-04-10T11:37:01.101Z","level":"info","message":"http_request","meta":{"method":"GET","path":"/api/tokens/queue","status":200,"durationMs":14,"ip":"::1"}}
{"timestamp":"2026-04-10T11:37:06.901Z","level":"info","message":"http_request","meta":{"method":"GET","path":"/api/tokens/queue","status":200,"durationMs":16,"ip":"::1"}}
{"timestamp":"2026-04-10T11:37:43.959Z","level":"info","message":"http_request","meta":{"method":"GET","path":"/api/tokens/queue","status":200,"durationMs":17,"ip":"::1"}}
{"timestamp":"2026-04-10T11:40:22.493Z","level":"info","message":"server_started","meta":{"url":"http://localhost:5000","authDisabled":true}}
{"timestamp":"2026-04-10T11:40:22.491Z","level":"info","message":"queue_event","meta":{"eventType":"queue_reordered","tokenId":null,"actorRole":"system","metadata":{"reason":"bootstrap","reorderVersion":1}}}
{"timestamp":"2026-04-10T11:40:35.716Z","level":"info","message":"server_started","meta":{"url":"http://localhost:5000","authDisabled":true}}
{"timestamp":"2026-04-10T11:40:35.713Z","level":"info","message":"queue_event","meta":{"eventType":"queue_reordered","tokenId":null,"actorRole":"system","metadata":{"reason":"bootstrap","reorderVersion":1}}}
{"timestamp":"2026-04-10T11:40:36.040Z","level":"info","message":"socket_connected","meta":{"socketId":"0_lCTBwceQulei0yAAAB","transport":"websocket"}}
{"timestamp":"2026-04-10T11:40:38.768Z","level":"error","message":"request_failed","meta":{"method":"POST","path":"/api/auth/login","statusCode":401,"message":"Invalid email or password.","details":null,"stack":"AppError: Invalid email or password.\n    at authenticateUser (file:///C:/Users/Devansh%20Agarwal/OneDrive/Desktop/AI%20Queue%20System/backend/src/services/authService.js:61:11)\n    at async file:///C:/Users/Devansh%20Agarwal/OneDrive/Desktop/AI%20Queue%20System/backend/src/controllers/authController.js:29:16"}}
{"timestamp":"2026-04-10T11:40:38.774Z","level":"info","message":"http_request","meta":{"method":"POST","path":"/api/auth/login","status":401,"durationMs":118,"ip":"::1"}}
{"timestamp":"2026-04-10T11:40:38.829Z","level":"info","message":"http_request","meta":{"method":"GET","path":"/api/auth/me","status":200,"durationMs":9,"ip":"::1"}}
{"timestamp":"2026-04-10T11:40:38.852Z","level":"info","message":"http_request","meta":{"method":"GET","path":"/api/tokens/queue","status":200,"durationMs":21,"ip":"::1"}}
{"timestamp":"2026-04-10T11:40:59.397Z","level":"info","message":"queue_event","meta":{"eventType":"queue_reordered","tokenId":null,"actorRole":"system","metadata":{"reason":"bootstrap","reorderVersion":1}}}
{"timestamp":"2026-04-10T11:40:59.399Z","level":"info","message":"server_started","meta":{"url":"http://localhost:5000","authDisabled":true}}
{"timestamp":"2026-04-10T11:41:01.039Z","level":"info","message":"socket_connected","meta":{"socketId":"6Y1KIhWnzZrHNc2wAAAB","transport":"websocket"}}
{"timestamp":"2026-04-10T11:41:09.890Z","level":"info","message":"queue_event","meta":{"eventType":"auth_login","tokenId":null,"actorRole":"admin","metadata":{"email":"admin@queue.local"}}}
{"timestamp":"2026-04-10T11:41:09.894Z","level":"info","message":"http_request","meta":{"method":"POST","path":"/api/auth/login","status":200,"durationMs":109,"ip":"::1"}}
{"timestamp":"2026-04-10T11:41:09.901Z","level":"info","message":"http_request","meta":{"method":"GET","path":"/api/auth/me","status":200,"durationMs":6,"ip":"::1"}}
{"timestamp":"2026-04-10T11:41:09.924Z","level":"info","message":"http_request","meta":{"method":"GET","path":"/api/tokens/queue","status":200,"durationMs":21,"ip":"::1"}}
{"timestamp":"2026-04-10T11:41:20.635Z","level":"error","message":"queue_event_persist_failed","meta":{"eventType":"flow_updated","tokenId":null,"actorRole":"admin","error":"QueueEvent validation failed: actorUserId: Cast to ObjectId failed for value \"dev-user\" (type string) at path \"actorUserId\" because of \"BSONError\""}}
{"timestamp":"2026-04-10T11:41:20.668Z","level":"info","message":"http_request","meta":{"method":"PATCH","path":"/api/admin/flow","status":200,"durationMs":43,"ip":"::1"}}
{"timestamp":"2026-04-10T11:41:20.686Z","level":"error","message":"queue_event_persist_failed","meta":{"eventType":"token_created","tokenId":"69d8e1e04269310045336caf","actorRole":"admin","error":"QueueEvent validation failed: actorUserId: Cast to ObjectId failed for value \"dev-user\" (type string) at path \"actorUserId\" because of \"BSONError\""}}
{"timestamp":"2026-04-10T11:41:20.705Z","level":"error","message":"queue_event_persist_failed","meta":{"eventType":"counter_assigned","tokenId":"69d8e1e04269310045336caf","actorRole":"admin","error":"QueueEvent validation failed: actorUserId: Cast to ObjectId failed for value \"dev-user\" (type string) at path \"actorUserId\" because of \"BSONError\""}}
{"timestamp":"2026-04-10T11:41:20.739Z","level":"error","message":"queue_event_persist_failed","meta":{"eventType":"queue_reordered","tokenId":null,"actorRole":"admin","error":"QueueEvent validation failed: actorUserId: Cast to ObjectId failed for value \"dev-user\" (type string) at path \"actorUserId\" because of \"BSONError\""}}
{"timestamp":"2026-04-10T11:41:20.746Z","level":"info","message":"http_request","meta":{"method":"POST","path":"/api/tokens/create","status":201,"durationMs":75,"ip":"::1"}}
{"timestamp":"2026-04-10T11:41:20.761Z","level":"error","message":"queue_event_persist_failed","meta":{"eventType":"token_created","tokenId":"69d8e1e04269310045336cc6","actorRole":"admin","error":"QueueEvent validation failed: actorUserId: Cast to ObjectId failed for value \"dev-user\" (type string) at path \"actorUserId\" because of \"BSONError\""}}
{"timestamp":"2026-04-10T11:41:20.798Z","level":"error","message":"queue_event_persist_failed","meta":{"eventType":"queue_reordered","tokenId":null,"actorRole":"admin","error":"QueueEvent validation failed: actorUserId: Cast to ObjectId failed for value \"dev-user\" (type string) at path \"actorUserId\" because of \"BSONError\""}}
{"timestamp":"2026-04-10T11:41:20.804Z","level":"error","message":"queue_event_persist_failed","meta":{"eventType":"near_turn_notified","tokenId":"69d8e1e04269310045336cc6","actorRole":"admin","error":"QueueEvent validation failed: actorUserId: Cast to ObjectId failed for value \"dev-user\" (type string) at path \"actorUserId\" because of \"BSONError\""}}
{"timestamp":"2026-04-10T11:41:20.811Z","level":"info","message":"http_request","meta":{"method":"POST","path":"/api/tokens/create","status":201,"durationMs":62,"ip":"::1"}}
{"timestamp":"2026-04-10T11:41:20.815Z","level":"info","message":"http_request","meta":{"method":"GET","path":"/api/tokens/queue","status":200,"durationMs":2,"ip":"::1"}}
{"timestamp":"2026-04-10T11:41:35.559Z","level":"error","message":"request_failed","meta":{"method":"GET","path":"/health","statusCode":404,"message":"Route not found: GET /health","details":null,"stack":"AppError: Route not found: GET /health\n    at notFoundHandler (file:///C:/Users/Devansh%20Agarwal/OneDrive/Desktop/AI%20Queue%20System/backend/src/middleware/notFound.js:4:8)\n    at Layer.handle [as handle_request] (C:\\Users\\Devansh Agarwal\\OneDrive\\Desktop\\AI Queue System\\backend\\node_modules\\express\\lib\\router\\layer.js:95:5)\n    at trim_prefix (C:\\Users\\Devansh Agarwal\\OneDrive\\Desktop\\AI Queue System\\backend\\node_modules\\express\\lib\\router\\index.js:328:13)\n    at C:\\Users\\Devansh Agarwal\\OneDrive\\Desktop\\AI Queue System\\backend\\node_modules\\express\\lib\\router\\index.js:286:9\n    at router.process_params (C:\\Users\\Devansh Agarwal\\OneDrive\\Desktop\\AI Queue System\\backend\\node_modules\\express\\lib\\router\\index.js:346:12)\n    at next (C:\\Users\\Devansh Agarwal\\OneDrive\\Desktop\\AI Queue System\\backend\\node_modules\\express\\lib\\router\\index.js:280:10)\n    at file:///C:/Users/Devansh%20Agarwal/OneDrive/Desktop/AI%20Queue%20System/backend/src/app.js:53:3\n    at Layer.handle [as handle_request] (C:\\Users\\Devansh Agarwal\\OneDrive\\Desktop\\AI Queue System\\backend\\node_modules\\express\\lib\\router\\layer.js:95:5)\n    at trim_prefix (C:\\Users\\Devansh Agarwal\\OneDrive\\Desktop\\AI Queue System\\backend\\node_modules\\express\\lib\\router\\index.js:328:13)\n    at C:\\Users\\Devansh Agarwal\\OneDrive\\Desktop\\AI Queue System\\backend\\node_modules\\express\\lib\\router\\index.js:286:9"}}
{"timestamp":"2026-04-10T11:41:35.560Z","level":"info","message":"http_request","meta":{"method":"GET","path":"/health","status":404,"durationMs":2,"ip":"::1"}}
{"timestamp":"2026-04-10T11:41:57.759Z","level":"info","message":"http_request","meta":{"method":"GET","path":"/api/health","status":200,"durationMs":1,"ip":"::1"}}
{"timestamp":"2026-04-10T11:41:57.773Z","level":"error","message":"queue_event_persist_failed","meta":{"eventType":"token_created","tokenId":"69d8e2054269310045336cdc","actorRole":"admin","error":"QueueEvent validation failed: actorUserId: Cast to ObjectId failed for value \"dev-user\" (type string) at path \"actorUserId\" because of \"BSONError\""}}
{"timestamp":"2026-04-10T11:41:57.805Z","level":"error","message":"queue_event_persist_failed","meta":{"eventType":"queue_reordered","tokenId":null,"actorRole":"admin","error":"QueueEvent validation failed: actorUserId: Cast to ObjectId failed for value \"dev-user\" (type string) at path \"actorUserId\" because of \"BSONError\""}}
{"timestamp":"2026-04-10T11:41:57.809Z","level":"error","message":"queue_event_persist_failed","meta":{"eventType":"near_turn_notified","tokenId":"69d8e2054269310045336cdc","actorRole":"admin","error":"QueueEvent validation failed: actorUserId: Cast to ObjectId failed for value \"dev-user\" (type string) at path \"actorUserId\" because of \"BSONError\""}}
{"timestamp":"2026-04-10T11:41:57.815Z","level":"info","message":"http_request","meta":{"method":"POST","path":"/api/tokens/create","status":201,"durationMs":55,"ip":"::1"}}
{"timestamp":"2026-04-10T11:41:57.818Z","level":"info","message":"http_request","meta":{"method":"GET","path":"/api/tokens/queue","status":200,"durationMs":1,"ip":"::1"}}
{"timestamp":"2026-04-10T11:41:57.824Z","level":"info","message":"http_request","meta":{"method":"GET","path":"/api/admin/flow","status":200,"durationMs":4,"ip":"::1"}}
{"timestamp":"2026-04-10T11:41:57.847Z","level":"info","message":"http_request","meta":{"method":"GET","path":"/api/admin/stats","status":200,"durationMs":22,"ip":"::1"}}
{"timestamp":"2026-04-10T11:41:57.851Z","level":"info","message":"http_request","meta":{"method":"GET","path":"/api/admin/events?limit=3","status":200,"durationMs":2,"ip":"::1"}}
{"timestamp":"2026-04-10T11:41:57.858Z","level":"info","message":"http_request","meta":{"method":"GET","path":"/api/admin/analytics?hours=24","status":200,"durationMs":5,"ip":"::1"}}
{"timestamp":"2026-04-10T11:43:34.135Z","level":"info","message":"socket_disconnected","meta":{"socketId":"6Y1KIhWnzZrHNc2wAAAB","reason":"transport close"}}
{"timestamp":"2026-04-10T11:46:01.005Z","level":"info","message":"queue_event","meta":{"eventType":"queue_reordered","tokenId":null,"actorRole":"system","metadata":{"reason":"bootstrap","reorderVersion":1}}}
{"timestamp":"2026-04-10T11:46:01.011Z","level":"info","message":"server_started","meta":{"url":"http://localhost:5000","authDisabled":true}}
{"timestamp":"2026-04-10T11:59:23.058Z","level":"info","message":"server_started","meta":{"url":"http://localhost:5000","authDisabled":true}}
{"timestamp":"2026-04-10T11:59:23.055Z","level":"info","message":"queue_event","meta":{"eventType":"queue_reordered","tokenId":null,"actorRole":"system","metadata":{"reason":"bootstrap","reorderVersion":1}}}
{"timestamp":"2026-04-10T11:59:30.823Z","level":"info","message":"http_request","meta":{"method":"GET","path":"/api/health","status":200,"durationMs":5,"ip":"::1"}}
{"timestamp":"2026-04-10T12:01:26.222Z","level":"info","message":"server_started","meta":{"url":"http://localhost:5000","authDisabled":true}}
{"timestamp":"2026-04-10T12:01:46.391Z","level":"info","message":"http_request","meta":{"method":"GET","path":"/api/health","status":200,"durationMs":4,"ip":"::1"}}
{"timestamp":"2026-04-10T12:02:05.522Z","level":"info","message":"socket_connected","meta":{"socketId":"gGeyuCPhL3mpZzLHAAAB","transport":"websocket"}}
{"timestamp":"2026-04-10T12:02:05.714Z","level":"info","message":"http_request","meta":{"method":"GET","path":"/api/tokens/queue","status":200,"durationMs":215,"ip":"::1"}}
{"timestamp":"2026-04-10T12:02:05.723Z","level":"info","message":"http_request","meta":{"method":"GET","path":"/api/tokens/queue","status":304,"durationMs":2,"ip":"::1"}}
{"timestamp":"2026-04-10T12:02:16.557Z","level":"error","message":"queue_event_persist_failed","meta":{"eventType":"token_created","tokenId":"69d8e6c827829b60df53328d","actorRole":"admin","error":"QueueEvent validation failed: actorUserId: Cast to ObjectId failed for value \"dev-user\" (type string) at path \"actorUserId\" because of \"BSONError\""}}
{"timestamp":"2026-04-10T12:02:16.719Z","level":"error","message":"queue_event_persist_failed","meta":{"eventType":"counter_assigned","tokenId":"69d8e6c827829b60df53328d","actorRole":"admin","error":"QueueEvent validation failed: actorUserId: Cast to ObjectId failed for value \"dev-user\" (type string) at path \"actorUserId\" because of \"BSONError\""}}
{"timestamp":"2026-04-10T12:02:17.096Z","level":"error","message":"queue_event_persist_failed","meta":{"eventType":"queue_reordered","tokenId":null,"actorRole":"admin","error":"QueueEvent validation failed: actorUserId: Cast to ObjectId failed for value \"dev-user\" (type string) at path \"actorUserId\" because of \"BSONError\""}}
{"timestamp":"2026-04-10T12:02:17.178Z","level":"info","message":"http_request","meta":{"method":"POST","path":"/api/tokens/create","status":201,"durationMs":836,"ip":"::1"}}
{"timestamp":"2026-04-10T12:02:23.041Z","level":"error","message":"queue_event_persist_failed","meta":{"eventType":"token_created","tokenId":"69d8e6ce27829b60df5332a4","actorRole":"admin","error":"QueueEvent validation failed: actorUserId: Cast to ObjectId failed for value \"dev-user\" (type string) at path \"actorUserId\" because of \"BSONError\""}}
{"timestamp":"2026-04-10T12:02:23.279Z","level":"error","message":"queue_event_persist_failed","meta":{"eventType":"counter_assigned","tokenId":"69d8e6ce27829b60df5332a4","actorRole":"admin","error":"QueueEvent validation failed: actorUserId: Cast to ObjectId failed for value \"dev-user\" (type string) at path \"actorUserId\" because of \"BSONError\""}}
{"timestamp":"2026-04-10T12:02:23.720Z","level":"error","message":"queue_event_persist_failed","meta":{"eventType":"queue_reordered","tokenId":null,"actorRole":"admin","error":"QueueEvent validation failed: actorUserId: Cast to ObjectId failed for value \"dev-user\" (type string) at path \"actorUserId\" because of \"BSONError\""}}
{"timestamp":"2026-04-10T12:02:23.763Z","level":"info","message":"http_request","meta":{"method":"GET","path":"/api/tokens/my/1","status":200,"durationMs":36,"ip":"::1"}}
{"timestamp":"2026-04-10T12:02:23.793Z","level":"info","message":"http_request","meta":{"method":"POST","path":"/api/tokens/create","status":201,"durationMs":1319,"ip":"::1"}}
{"timestamp":"2026-04-10T12:02:29.728Z","level":"info","message":"http_request","meta":{"method":"GET","path":"/api/tokens/my/2","status":200,"durationMs":357,"ip":"::1"}}
{"timestamp":"2026-04-10T12:02:29.779Z","level":"info","message":"http_request","meta":{"method":"GET","path":"/api/tokens/my/2","status":200,"durationMs":49,"ip":"::1"}}
{"timestamp":"2026-04-10T12:02:33.787Z","level":"info","message":"http_request","meta":{"method":"GET","path":"/api/tokens/my/2","status":304,"durationMs":317,"ip":"::1"}}
{"timestamp":"2026-04-10T12:02:39.291Z","level":"info","message":"http_request","meta":{"method":"GET","path":"/api/tokens/queue","status":200,"durationMs":1189,"ip":"::1"}}
{"timestamp":"2026-04-10T12:02:39.296Z","level":"info","message":"http_request","meta":{"method":"GET","path":"/api/tokens/queue","status":304,"durationMs":2,"ip":"::1"}}
{"timestamp":"2026-04-10T12:02:43.927Z","level":"info","message":"http_request","meta":{"method":"GET","path":"/api/admin/queue","status":200,"durationMs":366,"ip":"::1"}}
{"timestamp":"2026-04-10T12:02:43.934Z","level":"info","message":"http_request","meta":{"method":"GET","path":"/api/admin/queue","status":304,"durationMs":2,"ip":"::1"}}
{"timestamp":"2026-04-10T12:02:44.045Z","level":"info","message":"http_request","meta":{"method":"GET","path":"/api/admin/stats","status":200,"durationMs":481,"ip":"::1"}}
{"timestamp":"2026-04-10T12:02:44.046Z","level":"info","message":"http_request","meta":{"method":"GET","path":"/api/admin/stats","status":304,"durationMs":0,"ip":"::1"}}
{"timestamp":"2026-04-10T12:02:46.815Z","level":"error","message":"queue_event_persist_failed","meta":{"eventType":"token_status_changed","tokenId":"69d8e6c827829b60df53328d","actorRole":"admin","error":"QueueEvent validation failed: actorUserId: Cast to ObjectId failed for value \"dev-user\" (type string) at path \"actorUserId\" because of \"BSONError\""}}
{"timestamp":"2026-04-10T12:02:47.441Z","level":"error","message":"queue_event_persist_failed","meta":{"eventType":"queue_reordered","tokenId":null,"actorRole":"admin","error":"QueueEvent validation failed: actorUserId: Cast to ObjectId failed for value \"dev-user\" (type string) at path \"actorUserId\" because of \"BSONError\""}}
{"timestamp":"2026-04-10T12:02:47.442Z","level":"info","message":"http_request","meta":{"method":"PATCH","path":"/api/admin/tokens/69d8e6c827829b60df53328d/status","status":200,"durationMs":849,"ip":"::1"}}
{"timestamp":"2026-04-10T12:02:47.833Z","level":"info","message":"http_request","meta":{"method":"GET","path":"/api/admin/stats","status":200,"durationMs":389,"ip":"::1"}}
{"timestamp":"2026-04-10T12:02:48.819Z","level":"error","message":"queue_event_persist_failed","meta":{"eventType":"token_status_changed","tokenId":"69d8e6ce27829b60df5332a4","actorRole":"admin","error":"QueueEvent validation failed: actorUserId: Cast to ObjectId failed for value \"dev-user\" (type string) at path \"actorUserId\" because of \"BSONError\""}}
{"timestamp":"2026-04-10T12:02:49.263Z","level":"error","message":"queue_event_persist_failed","meta":{"eventType":"queue_reordered","tokenId":null,"actorRole":"admin","error":"QueueEvent validation failed: actorUserId: Cast to ObjectId failed for value \"dev-user\" (type string) at path \"actorUserId\" because of \"BSONError\""}}
{"timestamp":"2026-04-10T12:02:49.265Z","level":"info","message":"http_request","meta":{"method":"PATCH","path":"/api/admin/tokens/69d8e6ce27829b60df5332a4/status","status":200,"durationMs":665,"ip":"::1"}}
{"timestamp":"2026-04-10T12:02:49.363Z","level":"info","message":"http_request","meta":{"method":"GET","path":"/api/admin/stats","status":200,"durationMs":97,"ip":"::1"}}
{"timestamp":"2026-04-10T12:02:53.710Z","level":"info","message":"http_request","meta":{"method":"GET","path":"/api/admin/flow","status":200,"durationMs":46,"ip":"::1"}}
{"timestamp":"2026-04-10T12:02:53.756Z","level":"info","message":"http_request","meta":{"method":"GET","path":"/api/admin/flow","status":200,"durationMs":44,"ip":"::1"}}
{"timestamp":"2026-04-10T12:03:01.537Z","level":"error","message":"queue_event_persist_failed","meta":{"eventType":"flow_updated","tokenId":null,"actorRole":"admin","error":"QueueEvent validation failed: actorUserId: Cast to ObjectId failed for value \"dev-user\" (type string) at path \"actorUserId\" because of \"BSONError\""}}
{"timestamp":"2026-04-10T12:03:01.903Z","level":"info","message":"http_request","meta":{"method":"PATCH","path":"/api/admin/flow","status":200,"durationMs":459,"ip":"::1"}}
{"timestamp":"2026-04-10T12:03:08.397Z","level":"info","message":"http_request","meta":{"method":"GET","path":"/api/admin/queue","status":200,"durationMs":234,"ip":"::1"}}
{"timestamp":"2026-04-10T12:03:08.410Z","level":"info","message":"http_request","meta":{"method":"GET","path":"/api/admin/queue","status":304,"durationMs":1,"ip":"::1"}}
{"timestamp":"2026-04-10T12:03:08.592Z","level":"info","message":"http_request","meta":{"method":"GET","path":"/api/admin/stats","status":200,"durationMs":435,"ip":"::1"}}
{"timestamp":"2026-04-10T12:03:08.595Z","level":"info","message":"http_request","meta":{"method":"GET","path":"/api/admin/stats","status":304,"durationMs":1,"ip":"::1"}}
{"timestamp":"2026-04-10T12:03:16.091Z","level":"info","message":"http_request","meta":{"method":"GET","path":"/api/admin/flow","status":200,"durationMs":42,"ip":"::1"}}
{"timestamp":"2026-04-10T12:03:16.186Z","level":"error","message":"queue_event_persist_failed","meta":{"eventType":"flow_updated","tokenId":null,"actorRole":"admin","error":"QueueEvent validation failed: actorUserId: Cast to ObjectId failed for value \"dev-user\" (type string) at path \"actorUserId\" because of \"BSONError\""}}
{"timestamp":"2026-04-10T12:03:16.519Z","level":"info","message":"http_request","meta":{"method":"PATCH","path":"/api/admin/flow","status":200,"durationMs":422,"ip":"::1"}}
{"timestamp":"2026-04-10T12:03:16.528Z","level":"info","message":"http_request","meta":{"method":"GET","path":"/api/admin/queue","status":200,"durationMs":1,"ip":"::1"}}
{"timestamp":"2026-04-10T12:03:16.627Z","level":"info","message":"http_request","meta":{"method":"GET","path":"/api/admin/stats","status":200,"durationMs":106,"ip":"::1"}}
{"timestamp":"2026-04-10T12:03:16.629Z","level":"info","message":"http_request","meta":{"method":"GET","path":"/api/admin/stats","status":304,"durationMs":1,"ip":"::1"}}
{"timestamp":"2026-04-10T12:03:21.970Z","level":"info","message":"http_request","meta":{"method":"GET","path":"/api/tokens/queue","status":200,"durationMs":242,"ip":"::1"}}
{"timestamp":"2026-04-10T12:03:21.973Z","level":"info","message":"http_request","meta":{"method":"GET","path":"/api/tokens/queue","status":304,"durationMs":1,"ip":"::1"}}
{"timestamp":"2026-04-10T12:09:48.258Z","level":"info","message":"server_started","meta":{"url":"http://localhost:5000","authDisabled":true}}
{"timestamp":"2026-04-10T12:09:53.304Z","level":"info","message":"server_started","meta":{"url":"http://localhost:5000","authDisabled":true}}
{"timestamp":"2026-04-10T12:10:04.363Z","level":"info","message":"server_started","meta":{"url":"http://localhost:5000","authDisabled":true}}
{"timestamp":"2026-04-10T12:10:09.387Z","level":"info","message":"server_started","meta":{"url":"http://localhost:5000","authDisabled":true}}
{"timestamp":"2026-04-10T12:10:15.070Z","level":"info","message":"server_started","meta":{"url":"http://localhost:5000","authDisabled":true}}
{"timestamp":"2026-04-10T12:10:20.137Z","level":"info","message":"socket_connected","meta":{"socketId":"SRW8Qez0jG_A5a3vAAAB","transport":"websocket"}}
{"timestamp":"2026-04-10T12:10:27.146Z","level":"info","message":"server_started","meta":{"url":"http://localhost:5000","authDisabled":true}}
{"timestamp":"2026-04-10T12:10:27.415Z","level":"info","message":"socket_connected","meta":{"socketId":"MyUCxC-8Vt-ZFfZNAAAB","transport":"websocket"}}
{"timestamp":"2026-04-10T12:11:05.272Z","level":"info","message":"http_request","meta":{"method":"GET","path":"/api/tokens/queue","status":200,"durationMs":232,"ip":"::1"}}
{"timestamp":"2026-04-10T12:11:05.275Z","level":"info","message":"http_request","meta":{"method":"GET","path":"/api/tokens/queue","status":304,"durationMs":1,"ip":"::1"}}
{"timestamp":"2026-04-10T12:11:29.541Z","level":"error","message":"queue_event_persist_failed","meta":{"eventType":"token_created","tokenId":"69d8e8f15926e85411c83430","actorRole":"admin","error":"QueueEvent validation failed: actorUserId: Cast to ObjectId failed for value \"dev-user\" (type string) at path \"actorUserId\" because of \"BSONError\""}}
{"timestamp":"2026-04-10T12:11:29.717Z","level":"error","message":"queue_event_persist_failed","meta":{"eventType":"counter_assigned","tokenId":"69d8e8f15926e85411c83430","actorRole":"admin","error":"QueueEvent validation failed: actorUserId: Cast to ObjectId failed for value \"dev-user\" (type string) at path \"actorUserId\" because of \"BSONError\""}}
{"timestamp":"2026-04-10T12:11:30.090Z","level":"error","message":"queue_event_persist_failed","meta":{"eventType":"queue_reordered","tokenId":null,"actorRole":"admin","error":"QueueEvent validation failed: actorUserId: Cast to ObjectId failed for value \"dev-user\" (type string) at path \"actorUserId\" because of \"BSONError\""}}
{"timestamp":"2026-04-10T12:11:30.166Z","level":"info","message":"http_request","meta":{"method":"POST","path":"/api/tokens/create","status":201,"durationMs":810,"ip":"::1"}}
{"timestamp":"2026-04-10T12:11:36.812Z","level":"info","message":"http_request","meta":{"method":"POST","path":"/api/tokens/create","status":400,"durationMs":4,"ip":"::1"}}
{"timestamp":"2026-04-10T12:11:36.810Z","level":"error","message":"request_failed","meta":{"method":"POST","path":"/api/tokens/create","statusCode":400,"message":"Request validation failed.","details":[{"code":"too_small","minimum":2,"type":"string","inclusive":true,"exact":false,"message":"String must contain at least 2 character(s)","path":["name"]},{"validation":"regex","code":"invalid_string","message":"Invalid phone number format.","path":["phone"]}],"stack":"AppError: Request validation failed.\n    at file:///C:/Users/Devansh%20Agarwal/OneDrive/Desktop/AI%20Queue%20System/backend/src/middleware/validate.js:21:9\n    at Layer.handle [as handle_request] (C:\\Users\\Devansh Agarwal\\OneDrive\\Desktop\\AI Queue System\\backend\\node_modules\\express\\lib\\router\\layer.js:95:5)\n    at next (C:\\Users\\Devansh Agarwal\\OneDrive\\Desktop\\AI Queue System\\backend\\node_modules\\express\\lib\\router\\route.js:149:13)\n    at file:///C:/Users/Devansh%20Agarwal/OneDrive/Desktop/AI%20Queue%20System/backend/src/middleware/auth.js:72:16\n    at Layer.handle [as handle_request] (C:\\Users\\Devansh Agarwal\\OneDrive\\Desktop\\AI Queue System\\backend\\node_modules\\express\\lib\\router\\layer.js:95:5)\n    at next (C:\\Users\\Devansh Agarwal\\OneDrive\\Desktop\\AI Queue System\\backend\\node_modules\\express\\lib\\router\\route.js:149:13)\n    at file:///C:/Users/Devansh%20Agarwal/OneDrive/Desktop/AI%20Queue%20System/backend/node_modules/express-rate-limit/dist/index.mjs:779:7\n    at process.processTicksAndRejections (node:internal/process/task_queues:103:5)\n    at async file:///C:/Users/Devansh%20Agarwal/OneDrive/Desktop/AI%20Queue%20System/backend/node_modules/express-rate-limit/dist/index.mjs:663:5"}}
{"timestamp":"2026-04-10T12:11:43.007Z","level":"error","message":"request_failed","meta":{"method":"POST","path":"/api/tokens/create","statusCode":400,"message":"Request validation failed.","details":[{"code":"custom","path":["priorityReason"],"message":"Priority reason is required when priority is enabled."}],"stack":"AppError: Request validation failed.\n    at file:///C:/Users/Devansh%20Agarwal/OneDrive/Desktop/AI%20Queue%20System/backend/src/middleware/validate.js:21:9\n    at Layer.handle [as handle_request] (C:\\Users\\Devansh Agarwal\\OneDrive\\Desktop\\AI Queue System\\backend\\node_modules\\express\\lib\\router\\layer.js:95:5)\n    at next (C:\\Users\\Devansh Agarwal\\OneDrive\\Desktop\\AI Queue System\\backend\\node_modules\\express\\lib\\router\\route.js:149:13)\n    at file:///C:/Users/Devansh%20Agarwal/OneDrive/Desktop/AI%20Queue%20System/backend/src/middleware/auth.js:72:16\n    at Layer.handle [as handle_request] (C:\\Users\\Devansh Agarwal\\OneDrive\\Desktop\\AI Queue System\\backend\\node_modules\\express\\lib\\router\\layer.js:95:5)\n    at next (C:\\Users\\Devansh Agarwal\\OneDrive\\Desktop\\AI Queue System\\backend\\node_modules\\express\\lib\\router\\route.js:149:13)\n    at file:///C:/Users/Devansh%20Agarwal/OneDrive/Desktop/AI%20Queue%20System/backend/node_modules/express-rate-limit/dist/index.mjs:779:7\n    at process.processTicksAndRejections (node:internal/process/task_queues:103:5)\n    at async file:///C:/Users/Devansh%20Agarwal/OneDrive/Desktop/AI%20Queue%20System/backend/node_modules/express-rate-limit/dist/index.mjs:663:5"}}
{"timestamp":"2026-04-10T12:11:43.008Z","level":"info","message":"http_request","meta":{"method":"POST","path":"/api/tokens/create","status":400,"durationMs":1,"ip":"::1"}}
{"timestamp":"2026-04-10T12:12:09.057Z","level":"info","message":"http_request","meta":{"method":"GET","path":"/api/health","status":200,"durationMs":1,"ip":"::1"}}
{"timestamp":"2026-04-10T12:12:17.314Z","level":"info","message":"http_request","meta":{"method":"GET","path":"/api/tokens/queue","status":200,"durationMs":285,"ip":"::1"}}
{"timestamp":"2026-04-10T12:16:07.133Z","level":"info","message":"socket_disconnected","meta":{"socketId":"MyUCxC-8Vt-ZFfZNAAAB","reason":"transport close"}}
{"timestamp":"2026-04-10T12:16:07.708Z","level":"info","message":"socket_connected","meta":{"socketId":"0AO-QAteQmqbljItAAAE","transport":"websocket"}}
{"timestamp":"2026-04-10T12:16:08.003Z","level":"info","message":"http_request","meta":{"method":"GET","path":"/api/tokens/queue","status":200,"durationMs":322,"ip":"::1"}}
{"timestamp":"2026-04-10T12:16:08.006Z","level":"info","message":"http_request","meta":{"method":"GET","path":"/api/tokens/queue","status":304,"durationMs":1,"ip":"::1"}}
{"timestamp":"2026-04-10T12:17:28.172Z","level":"info","message":"server_started","meta":{"url":"http://localhost:5000","authDisabled":true}}
{"timestamp":"2026-04-10T12:17:28.376Z","level":"info","message":"socket_connected","meta":{"socketId":"-zRbGT5HAVj-_Y5VAAAB","transport":"websocket"}}
{"timestamp":"2026-04-10T12:17:37.461Z","level":"info","message":"http_request","meta":{"method":"GET","path":"/api/health","status":200,"durationMs":4,"ip":"::1"}}
{"timestamp":"2026-04-10T12:18:32.178Z","level":"info","message":"socket_disconnected","meta":{"socketId":"-zRbGT5HAVj-_Y5VAAAB","reason":"transport close"}}
{"timestamp":"2026-04-10T12:18:32.674Z","level":"info","message":"socket_connected","meta":{"socketId":"SqB16GGm2PN4WqXfAAAD","transport":"websocket"}}
{"timestamp":"2026-04-10T12:18:32.971Z","level":"info","message":"http_request","meta":{"method":"GET","path":"/api/tokens/queue","status":200,"durationMs":322,"ip":"::1"}}
{"timestamp":"2026-04-10T12:18:32.978Z","level":"info","message":"http_request","meta":{"method":"GET","path":"/api/tokens/queue","status":304,"durationMs":3,"ip":"::1"}}
{"timestamp":"2026-04-10T12:18:37.744Z","level":"info","message":"http_request","meta":{"method":"GET","path":"/api/admin/queue","status":200,"durationMs":440,"ip":"::1"}}
{"timestamp":"2026-04-10T12:18:37.749Z","level":"info","message":"http_request","meta":{"method":"GET","path":"/api/admin/queue","status":304,"durationMs":1,"ip":"::1"}}
{"timestamp":"2026-04-10T12:18:37.854Z","level":"info","message":"http_request","meta":{"method":"GET","path":"/api/admin/stats","status":200,"durationMs":556,"ip":"::1"}}
{"timestamp":"2026-04-10T12:18:37.856Z","level":"info","message":"http_request","meta":{"method":"GET","path":"/api/admin/stats","status":304,"durationMs":1,"ip":"::1"}}
{"timestamp":"2026-04-10T12:18:38.305Z","level":"info","message":"http_request","meta":{"method":"GET","path":"/api/tokens/queue","status":200,"durationMs":1,"ip":"::1"}}
{"timestamp":"2026-04-10T12:18:38.307Z","level":"info","message":"http_request","meta":{"method":"GET","path":"/api/tokens/queue","status":304,"durationMs":0,"ip":"::1"}}
{"timestamp":"2026-04-10T12:20:24.354Z","level":"info","message":"http_request","meta":{"method":"GET","path":"/api/tokens/queue","status":200,"durationMs":313,"ip":"::1"}}
{"timestamp":"2026-04-10T12:20:24.358Z","level":"info","message":"http_request","meta":{"method":"GET","path":"/api/tokens/queue","status":304,"durationMs":0,"ip":"::1"}}
{"timestamp":"2026-04-10T12:21:03.599Z","level":"info","message":"http_request","meta":{"method":"GET","path":"/api/tokens/queue","status":200,"durationMs":561,"ip":"::1"}}
{"timestamp":"2026-04-10T12:23:03.189Z","level":"info","message":"server_started","meta":{"url":"http://localhost:5000","authDisabled":true}}
{"timestamp":"2026-04-10T12:23:05.032Z","level":"info","message":"socket_connected","meta":{"socketId":"5qC49IjxgUxR7hkaAAAB","transport":"websocket"}}
{"timestamp":"2026-04-10T12:23:12.246Z","level":"info","message":"server_started","meta":{"url":"http://localhost:5000","authDisabled":true}}
{"timestamp":"2026-04-10T12:23:12.369Z","level":"info","message":"socket_connected","meta":{"socketId":"9ZE3fHQmYox_qq3AAAAB","transport":"websocket"}}
{"timestamp":"2026-04-10T12:23:21.508Z","level":"info","message":"server_started","meta":{"url":"http://localhost:5000","authDisabled":true}}
{"timestamp":"2026-04-10T12:23:23.036Z","level":"info","message":"socket_connected","meta":{"socketId":"Kf3REzu8E-X7b74yAAAB","transport":"websocket"}}
{"timestamp":"2026-04-10T12:23:38.850Z","level":"info","message":"server_started","meta":{"url":"http://localhost:5000","authDisabled":true}}
{"timestamp":"2026-04-10T12:23:41.032Z","level":"info","message":"socket_connected","meta":{"socketId":"WREUCCq3jh_rEMt1AAAB","transport":"websocket"}}
{"timestamp":"2026-04-10T12:23:59.392Z","level":"info","message":"http_request","meta":{"method":"GET","path":"/api/tokens/queue","status":200,"durationMs":305,"ip":"::1"}}
{"timestamp":"2026-04-10T12:23:59.396Z","level":"info","message":"http_request","meta":{"method":"GET","path":"/api/tokens/queue","status":304,"durationMs":0,"ip":"::1"}}
{"timestamp":"2026-04-10T12:24:25.903Z","level":"error","message":"queue_event_persist_failed","meta":{"eventType":"token_created","tokenId":"69d8ebf96c7f17414b346352","actorRole":"admin","error":"QueueEvent validation failed: actorUserId: Cast to ObjectId failed for value \"dev-user\" (type string) at path \"actorUserId\" because of \"BSONError\""}}
{"timestamp":"2026-04-10T12:24:26.104Z","level":"error","message":"queue_event_persist_failed","meta":{"eventType":"counter_assigned","tokenId":"69d8ebf96c7f17414b346352","actorRole":"admin","error":"QueueEvent validation failed: actorUserId: Cast to ObjectId failed for value \"dev-user\" (type string) at path \"actorUserId\" because of \"BSONError\""}}
{"timestamp":"2026-04-10T12:24:26.555Z","level":"error","message":"queue_event_persist_failed","meta":{"eventType":"queue_reordered","tokenId":null,"actorRole":"admin","error":"QueueEvent validation failed: actorUserId: Cast to ObjectId failed for value \"dev-user\" (type string) at path \"actorUserId\" because of \"BSONError\""}}
{"timestamp":"2026-04-10T12:24:26.636Z","level":"info","message":"http_request","meta":{"method":"POST","path":"/api/tokens/create","status":201,"durationMs":944,"ip":"::1"}}
{"timestamp":"2026-04-10T12:24:45.676Z","level":"info","message":"server_started","meta":{"url":"http://localhost:5000","authDisabled":true}}
{"timestamp":"2026-04-10T12:24:45.743Z","level":"info","message":"http_request","meta":{"method":"GET","path":"/api/tokens/queue","status":200,"durationMs":15,"ip":"::ffff:127.0.0.1"}}
{"timestamp":"2026-04-10T12:24:46.097Z","level":"info","message":"socket_connected","meta":{"socketId":"_Apg4luIDvQkI7_bAAAB","transport":"websocket"}}
{"timestamp":"2026-04-10T12:27:24.592Z","level":"error","message":"queue_event_persist_failed","meta":{"eventType":"token_created","tokenId":"69d8ecac26f9f5fa0ef2984d","actorRole":"admin","error":"QueueEvent validation failed: actorUserId: Cast to ObjectId failed for value \"dev-user\" (type string) at path \"actorUserId\" because of \"BSONError\""}}
{"timestamp":"2026-04-10T12:27:25.064Z","level":"error","message":"queue_event_persist_failed","meta":{"eventType":"queue_reordered","tokenId":null,"actorRole":"admin","error":"QueueEvent validation failed: actorUserId: Cast to ObjectId failed for value \"dev-user\" (type string) at path \"actorUserId\" because of \"BSONError\""}}
{"timestamp":"2026-04-10T12:27:25.106Z","level":"error","message":"queue_event_persist_failed","meta":{"eventType":"near_turn_notified","tokenId":"69d8ecac26f9f5fa0ef2984d","actorRole":"admin","error":"QueueEvent validation failed: actorUserId: Cast to ObjectId failed for value \"dev-user\" (type string) at path \"actorUserId\" because of \"BSONError\""}}
{"timestamp":"2026-04-10T12:27:25.183Z","level":"info","message":"http_request","meta":{"method":"POST","path":"/api/tokens/create","status":201,"durationMs":798,"ip":"::1"}}
{"timestamp":"2026-04-10T12:27:34.063Z","level":"info","message":"http_request","meta":{"method":"GET","path":"/api/tokens/my/5","status":200,"durationMs":363,"ip":"::1"}}
{"timestamp":"2026-04-10T12:27:34.113Z","level":"info","message":"http_request","meta":{"method":"GET","path":"/api/tokens/my/5","status":200,"durationMs":41,"ip":"::1"}}
{"timestamp":"2026-04-10T12:27:37.803Z","level":"info","message":"http_request","meta":{"method":"GET","path":"/api/tokens/queue","status":200,"durationMs":336,"ip":"::1"}}
{"timestamp":"2026-04-10T12:27:37.810Z","level":"info","message":"http_request","meta":{"method":"GET","path":"/api/tokens/queue","status":304,"durationMs":1,"ip":"::1"}}
{"timestamp":"2026-04-10T12:27:37.836Z","level":"info","message":"http_request","meta":{"method":"GET","path":"/api/tokens/my/5","status":304,"durationMs":364,"ip":"::1"}}
{"timestamp":"2026-04-10T12:27:37.880Z","level":"info","message":"http_request","meta":{"method":"GET","path":"/api/tokens/my/5","status":200,"durationMs":41,"ip":"::1"}}
{"timestamp":"2026-04-10T12:29:34.083Z","level":"info","message":"server_started","meta":{"url":"http://localhost:5000","authDisabled":true}}
{"timestamp":"2026-04-10T12:29:35.036Z","level":"info","message":"socket_connected","meta":{"socketId":"XJBsHB11SO-BdeubAAAB","transport":"websocket"}}
{"timestamp":"2026-04-10T12:29:42.663Z","level":"info","message":"server_started","meta":{"url":"http://localhost:5000","authDisabled":true}}
{"timestamp":"2026-04-10T12:29:45.039Z","level":"info","message":"socket_connected","meta":{"socketId":"PfX7hm8Kglk23QyzAAAB","transport":"websocket"}}
{"timestamp":"2026-04-10T12:29:52.964Z","level":"info","message":"server_started","meta":{"url":"http://localhost:5000","authDisabled":true}}
{"timestamp":"2026-04-10T12:29:53.108Z","level":"info","message":"socket_connected","meta":{"socketId":"XcudGUvJfVcokOQLAAAB","transport":"websocket"}}
{"timestamp":"2026-04-10T12:30:56.378Z","level":"info","message":"http_request","meta":{"method":"GET","path":"/api/tokens/queue","status":200,"durationMs":332,"ip":"::1"}}
{"timestamp":"2026-04-10T12:30:56.419Z","level":"info","message":"http_request","meta":{"method":"GET","path":"/api/tokens/my/5","status":200,"durationMs":369,"ip":"::1"}}
{"timestamp":"2026-04-10T12:31:05.316Z","level":"info","message":"http_request","meta":{"method":"GET","path":"/api/tokens/queue","status":200,"durationMs":276,"ip":"::1"}}
{"timestamp":"2026-04-10T12:31:05.376Z","level":"info","message":"http_request","meta":{"method":"GET","path":"/api/tokens/my/5","status":200,"durationMs":334,"ip":"::1"}}
{"timestamp":"2026-04-10T12:31:16.412Z","level":"info","message":"server_started","meta":{"url":"http://localhost:5000","authDisabled":true}}
{"timestamp":"2026-04-10T12:31:16.437Z","level":"info","message":"socket_connected","meta":{"socketId":"1of48WBHsMd2Wgj5AAAB","transport":"websocket"}}
{"timestamp":"2026-04-10T12:31:16.513Z","level":"info","message":"http_request","meta":{"method":"GET","path":"/api/tokens/queue","status":200,"durationMs":17,"ip":"::1"}}
{"timestamp":"2026-04-10T12:31:16.563Z","level":"info","message":"http_request","meta":{"method":"GET","path":"/api/tokens/my/5","status":200,"durationMs":46,"ip":"::1"}}
{"timestamp":"2026-04-10T12:31:18.331Z","level":"info","message":"http_request","meta":{"method":"GET","path":"/api/tokens/queue","status":200,"durationMs":299,"ip":"::1"}}
{"timestamp":"2026-04-10T12:31:18.365Z","level":"info","message":"http_request","meta":{"method":"GET","path":"/api/tokens/my/5","status":200,"durationMs":330,"ip":"::ffff:127.0.0.1"}}
{"timestamp":"2026-04-10T12:32:17.323Z","level":"info","message":"http_request","meta":{"method":"GET","path":"/api/tokens/queue","status":200,"durationMs":288,"ip":"::1"}}
{"timestamp":"2026-04-10T12:32:17.372Z","level":"info","message":"http_request","meta":{"method":"GET","path":"/api/tokens/my/5","status":200,"durationMs":332,"ip":"::1"}}
{"timestamp":"2026-04-10T12:33:01.840Z","level":"info","message":"http_request","meta":{"method":"POST","path":"/api/tokens/create","status":400,"durationMs":5,"ip":"::1"}}
{"timestamp":"2026-04-10T12:33:01.839Z","level":"error","message":"request_failed","meta":{"method":"POST","path":"/api/tokens/create","statusCode":400,"message":"Request validation failed.","details":[{"code":"invalid_type","expected":"string","received":"undefined","path":["priorityReasonDescription"],"message":"Required"}],"stack":"AppError: Request validation failed.\n    at file:///C:/Users/Devansh%20Agarwal/OneDrive/Desktop/AI%20Queue%20System/backend/src/middleware/validate.js:21:9\n    at Layer.handle [as handle_request] (C:\\Users\\Devansh Agarwal\\OneDrive\\Desktop\\AI Queue System\\backend\\node_modules\\express\\lib\\router\\layer.js:95:5)\n    at next (C:\\Users\\Devansh Agarwal\\OneDrive\\Desktop\\AI Queue System\\backend\\node_modules\\express\\lib\\router\\route.js:149:13)\n    at file:///C:/Users/Devansh%20Agarwal/OneDrive/Desktop/AI%20Queue%20System/backend/src/middleware/auth.js:72:16\n    at Layer.handle [as handle_request] (C:\\Users\\Devansh Agarwal\\OneDrive\\Desktop\\AI Queue System\\backend\\node_modules\\express\\lib\\router\\layer.js:95:5)\n    at next (C:\\Users\\Devansh Agarwal\\OneDrive\\Desktop\\AI Queue System\\backend\\node_modules\\express\\lib\\router\\route.js:149:13)\n    at file:///C:/Users/Devansh%20Agarwal/OneDrive/Desktop/AI%20Queue%20System/backend/node_modules/express-rate-limit/dist/index.mjs:779:7\n    at process.processTicksAndRejections (node:internal/process/task_queues:103:5)\n    at async file:///C:/Users/Devansh%20Agarwal/OneDrive/Desktop/AI%20Queue%20System/backend/node_modules/express-rate-limit/dist/index.mjs:663:5"}}
{"timestamp":"2026-04-10T12:33:02.458Z","level":"error","message":"queue_event_persist_failed","meta":{"eventType":"token_created","tokenId":"69d8edfe340468bac746e3f9","actorRole":"admin","error":"QueueEvent validation failed: actorUserId: Cast to ObjectId failed for value \"dev-user\" (type string) at path \"actorUserId\" because of \"BSONError\""}}
{"timestamp":"2026-04-10T12:33:02.922Z","level":"error","message":"queue_event_persist_failed","meta":{"eventType":"queue_reordered","tokenId":null,"actorRole":"admin","error":"QueueEvent validation failed: actorUserId: Cast to ObjectId failed for value \"dev-user\" (type string) at path \"actorUserId\" because of \"BSONError\""}}
{"timestamp":"2026-04-10T12:33:02.965Z","level":"error","message":"queue_event_persist_failed","meta":{"eventType":"near_turn_notified","tokenId":"69d8edfe340468bac746e3f9","actorRole":"admin","error":"QueueEvent validation failed: actorUserId: Cast to ObjectId failed for value \"dev-user\" (type string) at path \"actorUserId\" because of \"BSONError\""}}
{"timestamp":"2026-04-10T12:33:02.976Z","level":"info","message":"http_request","meta":{"method":"GET","path":"/api/tokens/my/5","status":200,"durationMs":43,"ip":"::1"}}
{"timestamp":"2026-04-10T12:33:03.045Z","level":"info","message":"http_request","meta":{"method":"POST","path":"/api/tokens/create","status":201,"durationMs":767,"ip":"::1"}}
{"timestamp":"2026-04-10T12:33:22.387Z","level":"info","message":"http_request","meta":{"method":"GET","path":"/api/tokens/queue","status":200,"durationMs":303,"ip":"::1"}}
{"timestamp":"2026-04-10T12:33:42.339Z","level":"info","message":"http_request","meta":{"method":"GET","path":"/api/tokens/queue","status":200,"durationMs":302,"ip":"::1"}}
{"timestamp":"2026-04-10T12:33:42.385Z","level":"info","message":"http_request","meta":{"method":"GET","path":"/api/tokens/my/5","status":200,"durationMs":344,"ip":"::1"}}
